#
# There is insufficient memory for the Java Runtime Environment to continue.
# Native memory allocation (malloc) failed to allocate 1048576 bytes for AllocateHeap
# Possible reasons:
#   The system is out of physical RAM or swap space
#   The process is running with CompressedOops enabled, and the Java Heap may be blocking the growth of the native heap
# Possible solutions:
#   Reduce memory load on the system
#   Increase physical memory or swap space
#   Check if swap backing store is full
#   Decrease Java heap size (-Xmx/-Xms)
#   Decrease number of Java threads
#   Decrease Java thread stack sizes (-Xss)
#   Set larger code cache with -XX:ReservedCodeCacheSize=
#   JVM is running with Unscaled Compressed Oops mode in which the Java heap is
#     placed in the first 4GB address space. The Java Heap base address is the
#     maximum limit for the native heap growth. Please use -XX:HeapBaseMinAddress
#     to set the Java Heap base and to place the Java Heap above 4GB virtual address.
# This output file may be truncated or incomplete.
#
#  Out of Memory Error (memory/allocation.inline.hpp:61), pid=14592, tid=0x0000000000002cc0
#
# JRE version:  (8.0_202-b08) (build )
# Java VM: Java HotSpot(TM) 64-Bit Server VM (25.202-b08 mixed mode windows-amd64 compressed oops)
# Failed to write core dump. Minidumps are not enabled by default on client versions of Windows
#

---------------  T H R E A D  ---------------

Current thread (0x0000000002522800):  JavaThread "Unknown thread" [_thread_in_vm, id=11456, stack(0x0000000002370000,0x0000000002470000)]

Stack: [0x0000000002370000,0x0000000002470000]
[error occurred during error reporting (printing stack bounds), id 0xc0000005]

Native frames: (J=compiled Java code, j=interpreted, Vv=VM code, C=native code)


---------------  P R O C E S S  ---------------

Java Threads: ( => current thread )

Other Threads:

=>0x0000000002522800 (exited) JavaThread "Unknown thread" [_thread_in_vm, id=11456, stack(0x0000000002370000,0x0000000002470000)]

VM state:not at safepoint (normal execution)

VM Mutex/Monitor currently owned by a thread: None

heap address: 0x00000000c8c00000, size: 884 MB, Compressed Oops mode: 32-bit
Narrow klass base: 0x0000000000000000, Narrow klass shift: 3
Compressed class space size: 1073741824 Address: 0x0000000100000000

Heap:
 PSYoungGen      total 16896K, used 296K [0x00000000ed980000, 0x00000000eec00000, 0x0000000100000000)
  eden space 14848K, 2% used [0x00000000ed980000,0x00000000ed9ca3e0,0x00000000ee800000)
  from space 2048K, 0% used [0x00000000eea00000,0x00000000eea00000,0x00000000eec00000)
  to   space 2048K, 0% used [0x00000000ee800000,0x00000000ee800000,0x00000000eea00000)
 ParOldGen       total 38400K, used 0K [0x00000000c8c00000, 0x00000000cb180000, 0x00000000ed980000)
  object space 38400K, 0% used [0x00000000c8c00000,0x00000000c8c00000,0x00000000cb180000)
 Metaspace       used 775K, capacity 4480K, committed 4480K, reserved 1056768K
  class space    used 76K, capacity 384K, committed 384K, reserved 1048576K

Card table byte_map: [0x0000000011ab0000,0x0000000011c70000] byte_map_base: 0x000000001146a000

Marking Bits: (ParMarkBitMap*) 0x0000000075315ce0
 Begin Bits: [0x00000000121a0000, 0x0000000012f70000)
 End Bits:   [0x0000000012f70000, 0x0000000013d40000)

Polling page: 0x0000000000730000

CodeCache: size=245760Kb used=327Kb max_used=327Kb free=245432Kb
 bounds [0x00000000026f0000, 0x0000000002960000, 0x00000000116f0000]
 total_blobs=57 nmethods=0 adapters=38
 compilation: enabled

Compilation events (0 events):
No events

GC Heap History (0 events):
No events

Deoptimization events (0 events):
No events

Classes redefined (0 events):
No events

Internal exceptions (0 events):
No events

Events (10 events):
Event: 0.071 loading class java/lang/Short
Event: 0.071 loading class java/lang/Short done
Event: 0.071 loading class java/lang/Integer
Event: 0.072 loading class java/lang/Integer done
Event: 0.072 loading class java/lang/Long
Event: 0.072 loading class java/lang/Long done
Event: 0.074 loading class java/lang/NullPointerException
Event: 0.074 loading class java/lang/NullPointerException done
Event: 0.074 loading class java/lang/ArithmeticException
Event: 0.074 loading class java/lang/ArithmeticException done


Dynamic libraries:
0x00007ff7c1520000 - 0x00007ff7c1557000 	C:\Java\jdk1.8.0_202\bin\java.exe
0x00007ffcc98f0000 - 0x00007ffcc9ae8000 	C:\Windows\SYSTEM32\ntdll.dll
0x00007ffcc8dd0000 - 0x00007ffcc8e8f000 	C:\Windows\System32\KERNEL32.DLL
0x00007ffcc6fd0000 - 0x00007ffcc72c6000 	C:\Windows\System32\KERNELBASE.dll
0x00007ffcc85d0000 - 0x00007ffcc867f000 	C:\Windows\System32\ADVAPI32.dll
0x00007ffcc9810000 - 0x00007ffcc98ae000 	C:\Windows\System32\msvcrt.dll
0x00007ffcc7950000 - 0x00007ffcc79ec000 	C:\Windows\System32\sechost.dll
0x00007ffcc8020000 - 0x00007ffcc8146000 	C:\Windows\System32\RPCRT4.dll
0x00007ffcc7dc0000 - 0x00007ffcc7f5d000 	C:\Windows\System32\USER32.dll
0x00007ffcc77b0000 - 0x00007ffcc77d2000 	C:\Windows\System32\win32u.dll
0x00007ffcc7fc0000 - 0x00007ffcc7fec000 	C:\Windows\System32\GDI32.dll
0x00007ffcc7520000 - 0x00007ffcc7635000 	C:\Windows\System32\gdi32full.dll
0x00007ffcc7480000 - 0x00007ffcc751d000 	C:\Windows\System32\msvcp_win.dll
0x00007ffcc76b0000 - 0x00007ffcc77b0000 	C:\Windows\System32\ucrtbase.dll
0x00007ffcc0460000 - 0x00007ffcc06fa000 	C:\Windows\WinSxS\amd64_microsoft.windows.common-controls_6595b64144ccf1df_6.0.19041.1110_none_60b5254171f9507e\COMCTL32.dll
0x00007ffcc7ff0000 - 0x00007ffcc8020000 	C:\Windows\System32\IMM32.DLL
0x0000000074a10000 - 0x0000000074ae2000 	C:\Java\jdk1.8.0_202\jre\bin\msvcr100.dll
0x0000000074af0000 - 0x0000000075395000 	C:\Java\jdk1.8.0_202\jre\bin\server\jvm.dll
0x00007ffcc8290000 - 0x00007ffcc8298000 	C:\Windows\System32\PSAPI.DLL
0x00007ffcb3b20000 - 0x00007ffcb3b29000 	C:\Windows\SYSTEM32\WSOCK32.dll
0x00007ffcc0d50000 - 0x00007ffcc0d5a000 	C:\Windows\SYSTEM32\VERSION.dll
0x00007ffcbe9e0000 - 0x00007ffcbea07000 	C:\Windows\SYSTEM32\WINMM.dll
0x00007ffcc7d50000 - 0x00007ffcc7dbb000 	C:\Windows\System32\WS2_32.dll
0x00007ffcb3bc0000 - 0x00007ffcb3bcf000 	C:\Java\jdk1.8.0_202\jre\bin\verify.dll
0x00007ffcb30a0000 - 0x00007ffcb30c9000 	C:\Java\jdk1.8.0_202\jre\bin\java.dll
0x00007ffcb2ee0000 - 0x00007ffcb2ef6000 	C:\Java\jdk1.8.0_202\jre\bin\zip.dll

VM Arguments:
jvm_args: -Dfile.encoding=UTF-8 
java_command: FeeReportManage.Index
java_class_path (initial): E:\Myeclipse\ojdbc6-11.2.0.4.jar;C:\Java\ojdbc8.jar;C:\Users\ANKUSH\Documents\NetBeansProjects\FeeReport\build\classes
Launcher Type: SUN_STANDARD

Environment Variables:
PATH=C:\Program Files (x86)\Common Files\Oracle\Java\javapath;E:\app\ANKUSH\product\11.1.0\db_1\bin;C:\Windows\system32;C:\Windows;C:\Windows\System32\Wbem;C:\Windows\System32\WindowsPowerShell\v1.0\;C:\Windows\System32\OpenSSH\;C:\Java\jdk1.8.0_202\jre\lib\ext;C:\Program Files\Java\jre-1.8\lib\ext;C:\Users\ANKUSH\AppData\Local\Microsoft\WindowsApps;C:\Java\jdk1.8.0_202\bin;C:\Java\JRE8\bin;;C:\Users\ANKUSH\Microsoft VS Code\bin
USERNAME=ANKUSH
OS=Windows_NT
PROCESSOR_IDENTIFIER=AMD64 Family 21 Model 48 Stepping 1, AuthenticAMD



---------------  S Y S T E M  ---------------

OS: Windows 10.0 , 64 bit Build 19041 (10.0.19041.3031)

CPU:total 4 (initial active 4) (4 cores per cpu, 1 threads per core) family 21 model 48 stepping 1, cmov, cx8, fxsr, mmx, sse, sse2, sse3, ssse3, sse4.1, sse4.2, popcnt, avx, aes, clmul, mmxext, 3dnowpref, lzcnt, sse4a, tsc, tscinvbit, tscinv, bmi1

Memory: 4k page, physical 3614032k(69912k free), swap 14624080k(5248k free)

vm_info: Java HotSpot(TM) 64-Bit Server VM (25.202-b08) for windows-amd64 JRE (1.8.0_202-b08), built on Dec 15 2018 19:54:30 by "java_re" with MS VC++ 10.0 (VS2010)

time: Sat Dec 09 14:11:18 2023
timezone: Pacific Standard Time
elapsed time: 0 seconds (0d 0h 0m 0s)

